.\Debug\AniFileEx.bsc
.\Debug\AniFileEx.ilk
.\Debug\AniFileEx.pdb
E:\WorkRoom\MyWork\AniFileEx\.\Debug\AniFileEx.exe
E:\WorkRoom\MyWork\AniFileEx\.\Debug\AniFileEx.exe.intermediate.manifest
E:\WORKROOM\MYWORK\ANIFILEEX\DEBUG\ANIFILEEX.BSC
E:\WORKROOM\MYWORK\ANIFILEEX\DEBUG\ANIFILEEX.EXE
E:\WORKROOM\MYWORK\ANIFILEEX\DEBUG\ANIFILEEX.EXE.EMBED.MANIFEST
E:\WORKROOM\MYWORK\ANIFILEEX\DEBUG\ANIFILEEX.EXE.EMBED.MANIFEST.RES
E:\WORKROOM\MYWORK\ANIFILEEX\DEBUG\ANIFILEEX.EXE.INTERMEDIATE.MANIFEST
E:\WORKROOM\MYWORK\ANIFILEEX\DEBUG\ANIFILEEX.ILK
E:\WORKROOM\MYWORK\ANIFILEEX\DEBUG\ANIFILEEX.OBJ
E:\WORKROOM\MYWORK\ANIFILEEX\DEBUG\ANIFILEEX.PCH
E:\WORKROOM\MYWORK\ANIFILEEX\DEBUG\ANIFILEEX.PDB
E:\WORKROOM\MYWORK\ANIFILEEX\DEBUG\ANIFILEEX.RES
E:\WORKROOM\MYWORK\ANIFILEEX\DEBUG\ANIFILEEX.SBR
E:\WorkRoom\MyWork\AniFileEx\Debug\AniFileEx.vcxprojResolveAssemblyReference.cache
E:\WorkRoom\MyWork\AniFileEx\Debug\AniFileEx.write.1.tlog
E:\WorkRoom\MyWork\AniFileEx\Debug\AniFileEx_manifest.rc
E:\WORKROOM\MYWORK\ANIFILEEX\DEBUG\ANIFILEEXDLG.OBJ
E:\WORKROOM\MYWORK\ANIFILEEX\DEBUG\ANIFILEEXDLG.SBR
E:\WorkRoom\MyWork\AniFileEx\Debug\BscMake.command.1.tlog
E:\WorkRoom\MyWork\AniFileEx\Debug\bscmake.read.1.tlog
E:\WorkRoom\MyWork\AniFileEx\Debug\bscmake.write.1.tlog
E:\WorkRoom\MyWork\AniFileEx\Debug\cl.command.1.tlog
E:\WorkRoom\MyWork\AniFileEx\Debug\CL.read.1.tlog
E:\WorkRoom\MyWork\AniFileEx\Debug\CL.write.1.tlog
E:\WORKROOM\MYWORK\ANIFILEEX\DEBUG\EDITDLG.OBJ
E:\WORKROOM\MYWORK\ANIFILEEX\DEBUG\EDITDLG.SBR
E:\WorkRoom\MyWork\AniFileEx\Debug\link.command.1.tlog
E:\WorkRoom\MyWork\AniFileEx\Debug\link.read.1.tlog
E:\WorkRoom\MyWork\AniFileEx\Debug\link.write.1.tlog
E:\WorkRoom\MyWork\AniFileEx\Debug\link-cvtres.read.1.tlog
E:\WorkRoom\MyWork\AniFileEx\Debug\link-cvtres.write.1.tlog
E:\WorkRoom\MyWork\AniFileEx\Debug\mt.command.1.tlog
E:\WorkRoom\MyWork\AniFileEx\Debug\mt.read.1.tlog
E:\WorkRoom\MyWork\AniFileEx\Debug\mt.write.1.tlog
E:\WorkRoom\MyWork\AniFileEx\Debug\rc.command.1.tlog
E:\WorkRoom\MyWork\AniFileEx\Debug\rc.read.1.tlog
E:\WorkRoom\MyWork\AniFileEx\Debug\rc.write.1.tlog
E:\WORKROOM\MYWORK\ANIFILEEX\DEBUG\STDAFX.OBJ
E:\WORKROOM\MYWORK\ANIFILEEX\DEBUG\STDAFX.SBR
E:\WorkRoom\MyWork\AniFileEx\Debug\vc100.idb
E:\WORKROOM\MYWORK\ANIFILEEX\DEBUG\VC100.PDB
E:\WorkRoom\MyWork\AniFileEx\Debug\vc60.idb
E:\WorkRoom\MyWork\AniFileEx\Debug\vc60.pdb
E:\WorkRoom\MyWork\AniFileEx\Debug\vc80.idb
E:\WorkRoom\MyWork\AniFileEx\Debug\vc80.pdb
E:\WorkRoom\MyWork\AniFileEx\Debug\vc90.idb
E:\WorkRoom\MyWork\AniFileEx\Debug\vc90.pdb
E:\WORKROOM\내 작업\ANIFILEEX\DEBUG\ANIFILEEX.BSC
E:\WORKROOM\내 작업\ANIFILEEX\DEBUG\ANIFILEEX.EXE
E:\WORKROOM\내 작업\ANIFILEEX\DEBUG\ANIFILEEX.EXE.EMBED.MANIFEST
E:\WORKROOM\내 작업\ANIFILEEX\DEBUG\ANIFILEEX.EXE.EMBED.MANIFEST.RES
E:\WORKROOM\내 작업\ANIFILEEX\DEBUG\ANIFILEEX.EXE.INTERMEDIATE.MANIFEST
E:\WORKROOM\내 작업\ANIFILEEX\DEBUG\ANIFILEEX.ILK
E:\WORKROOM\내 작업\ANIFILEEX\DEBUG\ANIFILEEX.OBJ
E:\WORKROOM\내 작업\ANIFILEEX\DEBUG\ANIFILEEX.PCH
E:\WORKROOM\내 작업\ANIFILEEX\DEBUG\ANIFILEEX.PDB
E:\WORKROOM\내 작업\ANIFILEEX\DEBUG\ANIFILEEX.RES
E:\WORKROOM\내 작업\ANIFILEEX\DEBUG\ANIFILEEX.SBR
E:\WORKROOM\내 작업\ANIFILEEX\DEBUG\ANIFILEEXDLG.OBJ
E:\WORKROOM\내 작업\ANIFILEEX\DEBUG\ANIFILEEXDLG.SBR
E:\WORKROOM\내 작업\ANIFILEEX\DEBUG\EDITDLG.OBJ
E:\WORKROOM\내 작업\ANIFILEEX\DEBUG\EDITDLG.SBR
E:\WORKROOM\내 작업\ANIFILEEX\DEBUG\STDAFX.OBJ
E:\WORKROOM\내 작업\ANIFILEEX\DEBUG\STDAFX.SBR
E:\WORKROOM\내 작업\ANIFILEEX\DEBUG\VC100.PDB
