빌드 시작: 2014-04-18 오전 4:40:46
     1>2 노드의 "E:\WorkRoom\MyWork\AniFileEx\AniFileEx.vcxproj" 프로젝트(build 대상)입니다.
     1>InitializeBuildStatus:
         "AlwaysCreate"이(가) 지정되었기 때문에 ".\Debug\AniFileEx.unsuccessfulbuild"을(를) 만들고 있습니다.
       ClCompile:
         모든 출력이 최신 상태입니다.
         C:\Program Files\Microsoft Visual Studio 10.0\VC\bin\CL.exe /c /ZI /nologo /W3 /WX- /Od /Oy- /D WIN32 /D _DEBUG /D _WINDOWS /D _VC80_UPGRADE=0x0600 /D _MBCS /Gm /EHsc /RTC1 /MTd /GS /fp:precise /Zc:wchar_t /Zc:forScope /Yu"stdafx.h" /Fp".\Debug/AniFileEx.pch" /Fo".\Debug/" /Fd".\Debug/vc100.pdb" /FR".\Debug\\" /Gd /TP /analyze- /errorReport:prompt AniFileExDlg.cpp
         AniFileExDlg.cpp
     1>e:\workroom\mywork\anifileex\anifileexdlg.cpp(271): warning C4996: 'sprintf': This function or variable may be unsafe. Consider using sprintf_s instead. To disable deprecation, use _CRT_SECURE_NO_WARNINGS. See online help for details.
                 c:\program files\microsoft visual studio 10.0\vc\include\stdio.h(371) : 'sprintf' 선언을 참조하십시오.
     1>e:\workroom\mywork\anifileex\anifileexdlg.cpp(908): warning C4018: '<' : signed 또는 unsigned가 일치하지 않습니다.
     1>e:\workroom\mywork\anifileex\anifileexdlg.cpp(973): warning C4996: 'strcpy': This function or variable may be unsafe. Consider using strcpy_s instead. To disable deprecation, use _CRT_SECURE_NO_WARNINGS. See online help for details.
                 c:\program files\microsoft visual studio 10.0\vc\include\string.h(105) : 'strcpy' 선언을 참조하십시오.
     1>e:\workroom\mywork\anifileex\anifileexdlg.cpp(974): warning C4996: 'strcpy': This function or variable may be unsafe. Consider using strcpy_s instead. To disable deprecation, use _CRT_SECURE_NO_WARNINGS. See online help for details.
                 c:\program files\microsoft visual studio 10.0\vc\include\string.h(105) : 'strcpy' 선언을 참조하십시오.
     1>e:\workroom\mywork\anifileex\anifileexdlg.cpp(1017): warning C4996: 'strncpy': This function or variable may be unsafe. Consider using strncpy_s instead. To disable deprecation, use _CRT_SECURE_NO_WARNINGS. See online help for details.
                 c:\program files\microsoft visual studio 10.0\vc\include\string.h(188) : 'strncpy' 선언을 참조하십시오.
     1>e:\workroom\mywork\anifileex\anifileexdlg.cpp(1022): warning C4996: 'strncpy': This function or variable may be unsafe. Consider using strncpy_s instead. To disable deprecation, use _CRT_SECURE_NO_WARNINGS. See online help for details.
                 c:\program files\microsoft visual studio 10.0\vc\include\string.h(188) : 'strncpy' 선언을 참조하십시오.
       ResourceCompile:
         모든 출력이 최신 상태입니다.
       ManifestResourceCompile:
         모든 출력이 최신 상태입니다.
       Link:
         C:\Program Files\Microsoft Visual Studio 10.0\VC\bin\link.exe /ERRORREPORT:PROMPT /OUT:".\Debug/AniFileEx.exe" /INCREMENTAL /NOLOGO /NODEFAULTLIB:libc.lib /NODEFAULTLIB:libcd.lib /MANIFEST /ManifestFile:".\Debug\AniFileEx.exe.intermediate.manifest" /MANIFESTUAC:"level='asInvoker' uiAccess='false'" /DEBUG /PDB:".\Debug/AniFileEx.pdb" /SUBSYSTEM:WINDOWS /TLBID:1 /DYNAMICBASE:NO /IMPLIB:".\Debug\AniFileEx.lib" /MACHINE:X86 .\Debug\AniFileEx.res
         .\Debug\AniFileEx.exe.embed.manifest.res
         .\Debug/AniFileEx.obj
         .\Debug/AniFileExDlg.obj
         .\Debug/EditDlg.obj
         .\Debug/StdAfx.obj
       Manifest:
         C:\Program Files\Microsoft SDKs\Windows\v7.0A\bin\mt.exe /nologo /verbose /out:".\Debug\AniFileEx.exe.embed.manifest" /manifest .\Debug\AniFileEx.exe.intermediate.manifest "C:\Program Files\Microsoft Visual Studio 10.0\VC\Include\Manifest\dpiaware.manifest"
         모든 출력이 최신 상태입니다.
       LinkEmbedManifest:
         모든 출력이 최신 상태입니다.
         AniFileEx.vcxproj -> E:\WorkRoom\MyWork\AniFileEx\.\Debug\AniFileEx.exe
       BscMake:
         모든 출력이 최신 상태입니다.
       FinalizeBuildStatus:
         ".\Debug\AniFileEx.unsuccessfulbuild" 파일을 삭제하고 있습니다.
         ".\Debug\AniFileEx.lastbuildstate"에 연결(touching)하고 있습니다.
     1>"E:\WorkRoom\MyWork\AniFileEx\AniFileEx.vcxproj" 프로젝트를 빌드했습니다(build 대상).

빌드했습니다.

경과 시간: 00:00:05.57
